  Actor.cpp
C:\Users\diego\OneDrive\Escritorio\SEV\plataformas\plataformas\Game.h(7,10): fatal error C1083: No se puede abrir el archivo incluir: 'SDL.h': No such file or directory
  Animation.cpp
C:\Users\diego\OneDrive\Escritorio\SEV\plataformas\plataformas\Game.h(7,10): fatal error C1083: No se puede abrir el archivo incluir: 'SDL.h': No such file or directory
  Background.cpp
C:\Users\diego\OneDrive\Escritorio\SEV\plataformas\plataformas\Game.h(7,10): fatal error C1083: No se puede abrir el archivo incluir: 'SDL.h': No such file or directory
  Enemy.cpp
C:\Users\diego\OneDrive\Escritorio\SEV\plataformas\plataformas\Game.h(7,10): fatal error C1083: No se puede abrir el archivo incluir: 'SDL.h': No such file or directory
  Game.cpp
C:\Users\diego\OneDrive\Escritorio\SEV\plataformas\plataformas\Game.h(7,10): fatal error C1083: No se puede abrir el archivo incluir: 'SDL.h': No such file or directory
  GameLayer.cpp
C:\Users\diego\OneDrive\Escritorio\SEV\plataformas\plataformas\Game.h(7,10): fatal error C1083: No se puede abrir el archivo incluir: 'SDL.h': No such file or directory
  Layer.cpp
C:\Users\diego\OneDrive\Escritorio\SEV\plataformas\plataformas\Game.h(7,10): fatal error C1083: No se puede abrir el archivo incluir: 'SDL.h': No such file or directory
  Main.cpp
C:\Users\diego\OneDrive\Escritorio\SEV\plataformas\plataformas\Game.h(7,10): fatal error C1083: No se puede abrir el archivo incluir: 'SDL.h': No such file or directory
  Player.cpp
C:\Users\diego\OneDrive\Escritorio\SEV\plataformas\plataformas\Game.h(7,10): fatal error C1083: No se puede abrir el archivo incluir: 'SDL.h': No such file or directory
  Projectile.cpp
C:\Users\diego\OneDrive\Escritorio\SEV\plataformas\plataformas\Game.h(7,10): fatal error C1083: No se puede abrir el archivo incluir: 'SDL.h': No such file or directory
  Text.cpp
C:\Users\diego\OneDrive\Escritorio\SEV\plataformas\plataformas\Game.h(7,10): fatal error C1083: No se puede abrir el archivo incluir: 'SDL.h': No such file or directory
