  Game.cpp
C:\Users\jorda\Desktop\Laboratorio3\Inicio\NavesL4\NavesL4\Audio.h(6,10): warning C4067: símbolos (token) inesperados después de la directiva del preprocesador; se esperaba una nueva línea
C:\Users\jorda\Desktop\Laboratorio3\Inicio\NavesL4\NavesL4\Game.cpp(65,56): warning C4244: 'argumento': conversión de 'float' a 'int'; posible pérdida de datos
C:\Users\jorda\Desktop\Laboratorio3\Inicio\NavesL4\NavesL4\Game.cpp(65,35): warning C4244: 'argumento': conversión de 'float' a 'int'; posible pérdida de datos
  GameLayer.cpp
C:\Users\jorda\Desktop\Laboratorio3\Inicio\NavesL4\NavesL4\Audio.h(6,10): warning C4067: símbolos (token) inesperados después de la directiva del preprocesador; se esperaba una nueva línea
C:\Users\jorda\Desktop\Laboratorio3\Inicio\NavesL4\NavesL4\GameLayer.cpp(19,66): warning C4305: 'argumento': truncamiento de 'double' a 'float'
C:\Users\jorda\Desktop\Laboratorio3\Inicio\NavesL4\NavesL4\GameLayer.cpp(50,13): warning C4244: 'inicializando': conversión de 'int' a 'float'; posible pérdida de datos
C:\Users\jorda\Desktop\Laboratorio3\Inicio\NavesL4\NavesL4\GameLayer.cpp(51,13): warning C4244: 'inicializando': conversión de 'int' a 'float'; posible pérdida de datos
C:\Users\jorda\Desktop\Laboratorio3\Inicio\NavesL4\NavesL4\GameLayer.cpp(236,24): warning C4244: '=': conversión de 'double' a 'float'; posible pérdida de datos
C:\Users\jorda\Desktop\Laboratorio3\Inicio\NavesL4\NavesL4\GameLayer.cpp(243,24): warning C4244: '=': conversión de 'double' a 'float'; posible pérdida de datos
  Player.cpp
C:\Users\jorda\Desktop\Laboratorio3\Inicio\NavesL4\NavesL4\Audio.h(6,10): warning C4067: símbolos (token) inesperados después de la directiva del preprocesador; se esperaba una nueva línea
C:\Users\jorda\Desktop\Laboratorio3\Inicio\NavesL4\NavesL4\Player.cpp(11,10): warning C4244: 'argumento': conversión de 'int' a 'float'; posible pérdida de datos
C:\Users\jorda\Desktop\Laboratorio3\Inicio\NavesL4\NavesL4\Player.cpp(11,3): warning C4244: 'argumento': conversión de 'int' a 'float'; posible pérdida de datos
C:\Users\jorda\Desktop\Laboratorio3\Inicio\NavesL4\NavesL4\Player.cpp(13,10): warning C4244: 'argumento': conversión de 'int' a 'float'; posible pérdida de datos
C:\Users\jorda\Desktop\Laboratorio3\Inicio\NavesL4\NavesL4\Player.cpp(13,3): warning C4244: 'argumento': conversión de 'int' a 'float'; posible pérdida de datos
C:\Users\jorda\Desktop\Laboratorio3\Inicio\NavesL4\NavesL4\Player.cpp(16,10): warning C4244: 'argumento': conversión de 'int' a 'float'; posible pérdida de datos
C:\Users\jorda\Desktop\Laboratorio3\Inicio\NavesL4\NavesL4\Player.cpp(16,3): warning C4244: 'argumento': conversión de 'int' a 'float'; posible pérdida de datos
C:\Users\jorda\Desktop\Laboratorio3\Inicio\NavesL4\NavesL4\Player.cpp(18,10): warning C4244: 'argumento': conversión de 'int' a 'float'; posible pérdida de datos
C:\Users\jorda\Desktop\Laboratorio3\Inicio\NavesL4\NavesL4\Player.cpp(18,3): warning C4244: 'argumento': conversión de 'int' a 'float'; posible pérdida de datos
C:\Users\jorda\Desktop\Laboratorio3\Inicio\NavesL4\NavesL4\Player.cpp(19,68): warning C4244: 'argumento': conversión de 'int' a 'float'; posible pérdida de datos
C:\Users\jorda\Desktop\Laboratorio3\Inicio\NavesL4\NavesL4\Player.cpp(19,61): warning C4244: 'argumento': conversión de 'int' a 'float'; posible pérdida de datos
C:\Users\jorda\Desktop\Laboratorio3\Inicio\NavesL4\NavesL4\Player.cpp(21,69): warning C4244: 'argumento': conversión de 'int' a 'float'; posible pérdida de datos
C:\Users\jorda\Desktop\Laboratorio3\Inicio\NavesL4\NavesL4\Player.cpp(21,62): warning C4244: 'argumento': conversión de 'int' a 'float'; posible pérdida de datos
C:\Users\jorda\Desktop\Laboratorio3\Inicio\NavesL4\NavesL4\Player.cpp(23,76): warning C4244: 'argumento': conversión de 'int' a 'float'; posible pérdida de datos
C:\Users\jorda\Desktop\Laboratorio3\Inicio\NavesL4\NavesL4\Player.cpp(23,69): warning C4244: 'argumento': conversión de 'int' a 'float'; posible pérdida de datos
C:\Users\jorda\Desktop\Laboratorio3\Inicio\NavesL4\NavesL4\Player.cpp(25,77): warning C4244: 'argumento': conversión de 'int' a 'float'; posible pérdida de datos
C:\Users\jorda\Desktop\Laboratorio3\Inicio\NavesL4\NavesL4\Player.cpp(25,70): warning C4244: 'argumento': conversión de 'int' a 'float'; posible pérdida de datos
C:\Users\jorda\Desktop\Laboratorio3\Inicio\NavesL4\NavesL4\Player.cpp(27,77): warning C4244: 'argumento': conversión de 'int' a 'float'; posible pérdida de datos
C:\Users\jorda\Desktop\Laboratorio3\Inicio\NavesL4\NavesL4\Player.cpp(27,70): warning C4244: 'argumento': conversión de 'int' a 'float'; posible pérdida de datos
C:\Users\jorda\Desktop\Laboratorio3\Inicio\NavesL4\NavesL4\Player.cpp(137,46): warning C4244: 'argumento': conversión de 'int' a 'float'; posible pérdida de datos
C:\Users\jorda\Desktop\Laboratorio3\Inicio\NavesL4\NavesL4\Player.cpp(137,43): warning C4244: 'argumento': conversión de 'int' a 'float'; posible pérdida de datos
C:\Users\jorda\Desktop\Laboratorio3\Inicio\NavesL4\NavesL4\Player.cpp(150,32): warning C4244: 'argumento': conversión de 'int' a 'float'; posible pérdida de datos
C:\Users\jorda\Desktop\Laboratorio3\Inicio\NavesL4\NavesL4\Player.cpp(154,33): warning C4244: 'argumento': conversión de 'int' a 'float'; posible pérdida de datos
  Generando código...
  NavesL4.vcxproj -> C:\Users\jorda\Desktop\Laboratorio3\Inicio\NavesL4\Debug\NavesL4.exe
