C:\Program Files (x86)\Microsoft Visual Studio\2019\Community\MSBuild\Microsoft\VC\v160\Microsoft.CppBuild.targets(513,5): warning MSB8028: El directorio intermedio (Debug\) contiene archivos compartidos de otro proyecto (NavesL4.vcxproj). Esto puede dar lugar a un comportamiento incorrecto de limpieza y recompilación.
  Actor.cpp
C:\Users\uo276406\Desktop\plataformas\plataformas\Actor.cpp(13,12): warning C4244: '=': conversión de 'float' a 'int'; posible pérdida de datos
C:\Users\uo276406\Desktop\plataformas\plataformas\Actor.cpp(14,12): warning C4244: '=': conversión de 'float' a 'int'; posible pérdida de datos
C:\Users\uo276406\Desktop\plataformas\plataformas\Actor.cpp(33,32): warning C4244: '=': conversión de 'float' a 'int'; posible pérdida de datos
  Animation.cpp
C:\Users\uo276406\Desktop\plataformas\plataformas\Animation.cpp(11,21): warning C4244: '=': conversión de 'float' a 'int'; posible pérdida de datos
C:\Users\uo276406\Desktop\plataformas\plataformas\Animation.cpp(12,22): warning C4244: '=': conversión de 'float' a 'int'; posible pérdida de datos
C:\Users\uo276406\Desktop\plataformas\plataformas\Animation.cpp(13,20): warning C4244: '=': conversión de 'float' a 'int'; posible pérdida de datos
C:\Users\uo276406\Desktop\plataformas\plataformas\Animation.cpp(14,21): warning C4244: '=': conversión de 'float' a 'int'; posible pérdida de datos
C:\Users\uo276406\Desktop\plataformas\plataformas\Animation.cpp(29,13): warning C4244: '=': conversión de 'float' a 'int'; posible pérdida de datos
C:\Users\uo276406\Desktop\plataformas\plataformas\Animation.cpp(30,13): warning C4244: '=': conversión de 'float' a 'int'; posible pérdida de datos
C:\Users\uo276406\Desktop\plataformas\plataformas\Animation.cpp(54,26): warning C4244: '=': conversión de 'float' a 'int'; posible pérdida de datos
C:\Users\uo276406\Desktop\plataformas\plataformas\Animation.cpp(62,20): warning C4244: '=': conversión de 'float' a 'int'; posible pérdida de datos
C:\Users\uo276406\Desktop\plataformas\plataformas\Animation.cpp(63,20): warning C4244: '=': conversión de 'float' a 'int'; posible pérdida de datos
  Background.cpp
C:\Users\uo276406\Desktop\plataformas\plataformas\Background.cpp(19,9): warning C4244: '=': conversión de 'float' a 'int'; posible pérdida de datos
  Enemy.cpp
C:\Users\uo276406\Desktop\plataformas\plataformas\Enemy.cpp(8,57): warning C4244: 'argumento': conversión de 'int' a 'float'; posible pérdida de datos
C:\Users\uo276406\Desktop\plataformas\plataformas\Enemy.cpp(8,50): warning C4244: 'argumento': conversión de 'int' a 'float'; posible pérdida de datos
C:\Users\uo276406\Desktop\plataformas\plataformas\Enemy.cpp(11,63): warning C4244: 'argumento': conversión de 'int' a 'float'; posible pérdida de datos
C:\Users\uo276406\Desktop\plataformas\plataformas\Enemy.cpp(11,56): warning C4244: 'argumento': conversión de 'int' a 'float'; posible pérdida de datos
C:\Users\uo276406\Desktop\plataformas\plataformas\Enemy.cpp(65,31): warning C4244: 'argumento': conversión de 'int' a 'float'; posible pérdida de datos
  Game.cpp
C:\Users\uo276406\Desktop\plataformas\plataformas\Audio.h(6,10): warning C4067: símbolos (token) inesperados después de la directiva del preprocesador; se esperaba una nueva línea
C:\Users\uo276406\Desktop\plataformas\plataformas\Game.cpp(68,56): warning C4244: 'argumento': conversión de 'float' a 'int'; posible pérdida de datos
C:\Users\uo276406\Desktop\plataformas\plataformas\Game.cpp(68,35): warning C4244: 'argumento': conversión de 'float' a 'int'; posible pérdida de datos
  GameLayer.cpp
C:\Users\uo276406\Desktop\plataformas\plataformas\Audio.h(6,10): warning C4067: símbolos (token) inesperados después de la directiva del preprocesador; se esperaba una nueva línea
C:\Users\uo276406\Desktop\plataformas\plataformas\GameLayer.cpp(14,95): warning C4305: 'argumento': truncamiento de 'double' a 'float'
C:\Users\uo276406\Desktop\plataformas\plataformas\GameLayer.cpp(24,66): warning C4305: 'argumento': truncamiento de 'double' a 'float'
C:\Users\uo276406\Desktop\plataformas\plataformas\GameLayer.cpp(55,13): warning C4244: 'inicializando': conversión de 'int' a 'float'; posible pérdida de datos
C:\Users\uo276406\Desktop\plataformas\plataformas\GameLayer.cpp(56,13): warning C4244: 'inicializando': conversión de 'int' a 'float'; posible pérdida de datos
C:\Users\uo276406\Desktop\plataformas\plataformas\GameLayer.cpp(164,35): warning C4244: 'argumento': conversión de 'float' a 'int'; posible pérdida de datos
C:\Users\uo276406\Desktop\plataformas\plataformas\GameLayer.cpp(164,26): warning C4244: 'argumento': conversión de 'float' a 'int'; posible pérdida de datos
C:\Users\uo276406\Desktop\plataformas\plataformas\GameLayer.cpp(167,39): warning C4244: '=': conversión de 'float' a 'int'; posible pérdida de datos
C:\Users\uo276406\Desktop\plataformas\plataformas\GameLayer.cpp(170,43): warning C4244: 'argumento': conversión de 'float' a 'int'; posible pérdida de datos
C:\Users\uo276406\Desktop\plataformas\plataformas\GameLayer.cpp(170,34): warning C4244: 'argumento': conversión de 'float' a 'int'; posible pérdida de datos
C:\Users\uo276406\Desktop\plataformas\plataformas\GameLayer.cpp(173,42): warning C4244: 'argumento': conversión de 'float' a 'int'; posible pérdida de datos
C:\Users\uo276406\Desktop\plataformas\plataformas\GameLayer.cpp(173,33): warning C4244: 'argumento': conversión de 'float' a 'int'; posible pérdida de datos
C:\Users\uo276406\Desktop\plataformas\plataformas\GameLayer.cpp(180,51): warning C4244: 'argumento': conversión de 'float' a 'int'; posible pérdida de datos
C:\Users\uo276406\Desktop\plataformas\plataformas\GameLayer.cpp(180,42): warning C4244: 'argumento': conversión de 'float' a 'int'; posible pérdida de datos
C:\Users\uo276406\Desktop\plataformas\plataformas\GameLayer.cpp(181,39): warning C4244: '=': conversión de 'float' a 'int'; posible pérdida de datos
C:\Users\uo276406\Desktop\plataformas\plataformas\GameLayer.cpp(193,43): warning C4244: 'argumento': conversión de 'float' a 'int'; posible pérdida de datos
C:\Users\uo276406\Desktop\plataformas\plataformas\GameLayer.cpp(193,34): warning C4244: 'argumento': conversión de 'float' a 'int'; posible pérdida de datos
C:\Users\uo276406\Desktop\plataformas\plataformas\GameLayer.cpp(196,42): warning C4244: 'argumento': conversión de 'float' a 'int'; posible pérdida de datos
C:\Users\uo276406\Desktop\plataformas\plataformas\GameLayer.cpp(196,33): warning C4244: 'argumento': conversión de 'float' a 'int'; posible pérdida de datos
C:\Users\uo276406\Desktop\plataformas\plataformas\GameLayer.cpp(203,35): warning C4244: 'argumento': conversión de 'float' a 'int'; posible pérdida de datos
C:\Users\uo276406\Desktop\plataformas\plataformas\GameLayer.cpp(203,26): warning C4244: 'argumento': conversión de 'float' a 'int'; posible pérdida de datos
C:\Users\uo276406\Desktop\plataformas\plataformas\GameLayer.cpp(209,43): warning C4244: 'argumento': conversión de 'float' a 'int'; posible pérdida de datos
C:\Users\uo276406\Desktop\plataformas\plataformas\GameLayer.cpp(209,34): warning C4244: 'argumento': conversión de 'float' a 'int'; posible pérdida de datos
C:\Users\uo276406\Desktop\plataformas\plataformas\GameLayer.cpp(212,42): warning C4244: 'argumento': conversión de 'float' a 'int'; posible pérdida de datos
C:\Users\uo276406\Desktop\plataformas\plataformas\GameLayer.cpp(212,33): warning C4244: 'argumento': conversión de 'float' a 'int'; posible pérdida de datos
C:\Users\uo276406\Desktop\plataformas\plataformas\GameLayer.cpp(332,24): warning C4244: '=': conversión de 'double' a 'float'; posible pérdida de datos
C:\Users\uo276406\Desktop\plataformas\plataformas\GameLayer.cpp(339,24): warning C4244: '=': conversión de 'double' a 'float'; posible pérdida de datos
  Layer.cpp
  Main.cpp
  MenuLayer.cpp
C:\Users\uo276406\Desktop\plataformas\plataformas\MenuLayer.cpp(91,38): warning C4244: 'argumento': conversión de 'float' a 'int'; posible pérdida de datos
C:\Users\uo276406\Desktop\plataformas\plataformas\MenuLayer.cpp(91,29): warning C4244: 'argumento': conversión de 'float' a 'int'; posible pérdida de datos
  Pad.cpp
  Player.cpp
C:\Users\uo276406\Desktop\plataformas\plataformas\Audio.h(6,10): warning C4067: símbolos (token) inesperados después de la directiva del preprocesador; se esperaba una nueva línea
C:\Users\uo276406\Desktop\plataformas\plataformas\Player.cpp(11,10): warning C4244: 'argumento': conversión de 'int' a 'float'; posible pérdida de datos
C:\Users\uo276406\Desktop\plataformas\plataformas\Player.cpp(11,3): warning C4244: 'argumento': conversión de 'int' a 'float'; posible pérdida de datos
C:\Users\uo276406\Desktop\plataformas\plataformas\Player.cpp(13,10): warning C4244: 'argumento': conversión de 'int' a 'float'; posible pérdida de datos
C:\Users\uo276406\Desktop\plataformas\plataformas\Player.cpp(13,3): warning C4244: 'argumento': conversión de 'int' a 'float'; posible pérdida de datos
C:\Users\uo276406\Desktop\plataformas\plataformas\Player.cpp(16,10): warning C4244: 'argumento': conversión de 'int' a 'float'; posible pérdida de datos
C:\Users\uo276406\Desktop\plataformas\plataformas\Player.cpp(16,3): warning C4244: 'argumento': conversión de 'int' a 'float'; posible pérdida de datos
C:\Users\uo276406\Desktop\plataformas\plataformas\Player.cpp(18,10): warning C4244: 'argumento': conversión de 'int' a 'float'; posible pérdida de datos
C:\Users\uo276406\Desktop\plataformas\plataformas\Player.cpp(18,3): warning C4244: 'argumento': conversión de 'int' a 'float'; posible pérdida de datos
C:\Users\uo276406\Desktop\plataformas\plataformas\Player.cpp(19,68): warning C4244: 'argumento': conversión de 'int' a 'float'; posible pérdida de datos
C:\Users\uo276406\Desktop\plataformas\plataformas\Player.cpp(19,61): warning C4244: 'argumento': conversión de 'int' a 'float'; posible pérdida de datos
C:\Users\uo276406\Desktop\plataformas\plataformas\Player.cpp(21,69): warning C4244: 'argumento': conversión de 'int' a 'float'; posible pérdida de datos
C:\Users\uo276406\Desktop\plataformas\plataformas\Player.cpp(21,62): warning C4244: 'argumento': conversión de 'int' a 'float'; posible pérdida de datos
C:\Users\uo276406\Desktop\plataformas\plataformas\Player.cpp(23,76): warning C4244: 'argumento': conversión de 'int' a 'float'; posible pérdida de datos
C:\Users\uo276406\Desktop\plataformas\plataformas\Player.cpp(23,69): warning C4244: 'argumento': conversión de 'int' a 'float'; posible pérdida de datos
C:\Users\uo276406\Desktop\plataformas\plataformas\Player.cpp(25,77): warning C4244: 'argumento': conversión de 'int' a 'float'; posible pérdida de datos
C:\Users\uo276406\Desktop\plataformas\plataformas\Player.cpp(25,70): warning C4244: 'argumento': conversión de 'int' a 'float'; posible pérdida de datos
C:\Users\uo276406\Desktop\plataformas\plataformas\Player.cpp(27,77): warning C4244: 'argumento': conversión de 'int' a 'float'; posible pérdida de datos
C:\Users\uo276406\Desktop\plataformas\plataformas\Player.cpp(27,70): warning C4244: 'argumento': conversión de 'int' a 'float'; posible pérdida de datos
C:\Users\uo276406\Desktop\plataformas\plataformas\Player.cpp(137,46): warning C4244: 'argumento': conversión de 'int' a 'float'; posible pérdida de datos
C:\Users\uo276406\Desktop\plataformas\plataformas\Player.cpp(137,43): warning C4244: 'argumento': conversión de 'int' a 'float'; posible pérdida de datos
C:\Users\uo276406\Desktop\plataformas\plataformas\Player.cpp(150,32): warning C4244: 'argumento': conversión de 'int' a 'float'; posible pérdida de datos
C:\Users\uo276406\Desktop\plataformas\plataformas\Player.cpp(154,33): warning C4244: 'argumento': conversión de 'int' a 'float'; posible pérdida de datos
  Projectile.cpp
  Space.cpp
C:\Users\uo276406\Desktop\plataformas\plataformas\Space.cpp(32,30): warning C4244: 'inicializando': conversión de 'float' a 'int'; posible pérdida de datos
C:\Users\uo276406\Desktop\plataformas\plataformas\Space.cpp(62,26): warning C4244: '=': conversión de 'int' a 'float'; posible pérdida de datos
C:\Users\uo276406\Desktop\plataformas\plataformas\Space.cpp(69,30): warning C4244: 'inicializando': conversión de 'float' a 'int'; posible pérdida de datos
C:\Users\uo276406\Desktop\plataformas\plataformas\Space.cpp(101,26): warning C4244: '=': conversión de 'int' a 'float'; posible pérdida de datos
C:\Users\uo276406\Desktop\plataformas\plataformas\Space.cpp(108,30): warning C4244: 'inicializando': conversión de 'float' a 'int'; posible pérdida de datos
C:\Users\uo276406\Desktop\plataformas\plataformas\Space.cpp(140,26): warning C4244: '=': conversión de 'int' a 'float'; posible pérdida de datos
C:\Users\uo276406\Desktop\plataformas\plataformas\Space.cpp(148,30): warning C4244: 'inicializando': conversión de 'float' a 'int'; posible pérdida de datos
C:\Users\uo276406\Desktop\plataformas\plataformas\Space.cpp(181,26): warning C4244: '=': conversión de 'int' a 'float'; posible pérdida de datos
  Text.cpp
C:\Users\uo276406\Desktop\plataformas\plataformas\Text.cpp(5,12): warning C4244: '=': conversión de 'float' a 'int'; posible pérdida de datos
C:\Users\uo276406\Desktop\plataformas\plataformas\Text.cpp(6,12): warning C4244: '=': conversión de 'float' a 'int'; posible pérdida de datos
  Tile.cpp
  Generando código...
  plataformas.vcxproj -> C:\Users\uo276406\Desktop\plataformas\Debug\plataformas.exe
