c:\users\uo276406\desktop\plataformas\plataformas\debug\vc142.pdb
c:\users\uo276406\desktop\plataformas\plataformas\debug\vc142.idb
c:\users\uo276406\desktop\plataformas\plataformas\debug\tile.obj
c:\users\uo276406\desktop\plataformas\plataformas\debug\text.obj
c:\users\uo276406\desktop\plataformas\plataformas\debug\projectile.obj
c:\users\uo276406\desktop\plataformas\plataformas\debug\player.obj
c:\users\uo276406\desktop\plataformas\plataformas\debug\main.obj
c:\users\uo276406\desktop\plataformas\plataformas\debug\layer.obj
c:\users\uo276406\desktop\plataformas\plataformas\debug\gamelayer.obj
c:\users\uo276406\desktop\plataformas\plataformas\debug\game.obj
c:\users\uo276406\desktop\plataformas\plataformas\debug\enemy.obj
c:\users\uo276406\desktop\plataformas\plataformas\debug\background.obj
c:\users\uo276406\desktop\plataformas\plataformas\debug\audio.obj
c:\users\uo276406\desktop\plataformas\plataformas\debug\animation.obj
c:\users\uo276406\desktop\plataformas\plataformas\debug\actor.obj
c:\users\uo276406\desktop\plataformas\plataformas\debug\space.obj
c:\users\uo276406\desktop\plataformas\debug\plataformas.exe
c:\users\uo276406\desktop\plataformas\plataformas\debug\plataformas.ilk
c:\users\uo276406\desktop\plataformas\debug\plataformas.pdb
c:\users\uo276406\desktop\plataformas\plataformas\debug\plataformas.tlog\cl.command.1.tlog
c:\users\uo276406\desktop\plataformas\plataformas\debug\plataformas.tlog\cl.read.1.tlog
c:\users\uo276406\desktop\plataformas\plataformas\debug\plataformas.tlog\cl.write.1.tlog
c:\users\uo276406\desktop\plataformas\plataformas\debug\plataformas.tlog\link.command.1.tlog
c:\users\uo276406\desktop\plataformas\plataformas\debug\plataformas.tlog\link.read.1.tlog
c:\users\uo276406\desktop\plataformas\plataformas\debug\plataformas.tlog\link.write.1.tlog
